<?xml version="1.0" encoding="UTF-8"?>
<testng-results skipped="0" failed="0" ignored="0" total="1" passed="1">
  <reporter-output>
    <line>
      <![CDATA[Browser is launched]]>
    </line>
    <line>
      <![CDATA[enter url]]>
    </line>
    <line>
      <![CDATA[click on logIn link]]>
    </line>
    <line>
      <![CDATA[enter email and password]]>
    </line>
    <line>
      <![CDATA[entering the productRice]]>
    </line>
    <line>
      <![CDATA[move items to wishlist]]>
    </line>
    <line>
      <![CDATA[click on logOut Link]]>
    </line>
    <line>
      <![CDATA[browser closed]]>
    </line>
  </reporter-output>
  <suite name="Default suite" duration-ms="139147" started-at="2020-06-27T12:34:02 IST" finished-at="2020-06-27T12:36:21 IST">
    <groups>
    </groups>
    <test name="Default test" duration-ms="139147" started-at="2020-06-27T12:34:02 IST" finished-at="2020-06-27T12:36:21 IST">
      <class name="com.oneDayCart.testScript.WishListTest">
        <test-method status="PASS" signature="configBC()[pri:0, instance:com.oneDayCart.testScript.WishListTest@2d6eabae]" name="configBC" is-config="true" duration-ms="72740" started-at="2020-06-27T12:34:02 IST" finished-at="2020-06-27T12:35:15 IST">
          <reporter-output>
            <line>
              <![CDATA[Browser is launched]]>
            </line>
            <line>
              <![CDATA[enter url]]>
            </line>
          </reporter-output>
        </test-method> <!-- configBC -->
        <test-method status="PASS" signature="configBM()[pri:0, instance:com.oneDayCart.testScript.WishListTest@2d6eabae]" name="configBM" is-config="true" duration-ms="32024" started-at="2020-06-27T12:35:15 IST" finished-at="2020-06-27T12:35:47 IST">
          <reporter-output>
            <line>
              <![CDATA[click on logIn link]]>
            </line>
            <line>
              <![CDATA[enter email and password]]>
            </line>
          </reporter-output>
        </test-method> <!-- configBM -->
        <test-method status="PASS" signature="moveItemToWishlistTest()[pri:0, instance:com.oneDayCart.testScript.WishListTest@2d6eabae]" name="moveItemToWishlistTest" duration-ms="26992" started-at="2020-06-27T12:35:47 IST" finished-at="2020-06-27T12:36:14 IST">
          <reporter-output>
            <line>
              <![CDATA[entering the productRice]]>
            </line>
            <line>
              <![CDATA[move items to wishlist]]>
            </line>
          </reporter-output>
        </test-method> <!-- moveItemToWishlistTest -->
        <test-method status="PASS" signature="configAM()[pri:0, instance:com.oneDayCart.testScript.WishListTest@2d6eabae]" name="configAM" is-config="true" duration-ms="6933" started-at="2020-06-27T12:36:14 IST" finished-at="2020-06-27T12:36:21 IST">
          <reporter-output>
            <line>
              <![CDATA[click on logOut Link]]>
            </line>
          </reporter-output>
        </test-method> <!-- configAM -->
        <test-method status="PASS" signature="configAC()[pri:0, instance:com.oneDayCart.testScript.WishListTest@2d6eabae]" name="configAC" is-config="true" duration-ms="320" started-at="2020-06-27T12:36:21 IST" finished-at="2020-06-27T12:36:21 IST">
          <reporter-output>
            <line>
              <![CDATA[browser closed]]>
            </line>
          </reporter-output>
        </test-method> <!-- configAC -->
      </class> <!-- com.oneDayCart.testScript.WishListTest -->
    </test> <!-- Default test -->
  </suite> <!-- Default suite -->
</testng-results>
