<?xml version="1.0" encoding="UTF-8"?>
<testng-results skipped="0" failed="0" ignored="0" total="1" passed="1">
  <reporter-output>
    <line>
      <![CDATA[Browser is launched]]>
    </line>
    <line>
      <![CDATA[enter url]]>
    </line>
    <line>
      <![CDATA[click on logIn link]]>
    </line>
    <line>
      <![CDATA[enter email and password]]>
    </line>
    <line>
      <![CDATA[click on logOut Link]]>
    </line>
    <line>
      <![CDATA[browser closed]]>
    </line>
  </reporter-output>
  <suite name="Default suite" duration-ms="78612" started-at="2020-06-22T21:34:01 IST" finished-at="2020-06-22T21:35:20 IST">
    <groups>
    </groups>
    <test name="Default test" duration-ms="78612" started-at="2020-06-22T21:34:01 IST" finished-at="2020-06-22T21:35:20 IST">
      <class name="com.oneDayCart.testScript.ShoppingCartTest">
        <test-method status="PASS" signature="configBC()[pri:0, instance:com.oneDayCart.testScript.ShoppingCartTest@2d6eabae]" name="configBC" is-config="true" duration-ms="38797" started-at="2020-06-22T21:34:01 IST" finished-at="2020-06-22T21:34:40 IST">
          <reporter-output>
            <line>
              <![CDATA[Browser is launched]]>
            </line>
            <line>
              <![CDATA[enter url]]>
            </line>
          </reporter-output>
        </test-method> <!-- configBC -->
        <test-method status="PASS" signature="configBM()[pri:0, instance:com.oneDayCart.testScript.ShoppingCartTest@2d6eabae]" name="configBM" is-config="true" duration-ms="24608" started-at="2020-06-22T21:34:40 IST" finished-at="2020-06-22T21:35:05 IST">
          <reporter-output>
            <line>
              <![CDATA[click on logIn link]]>
            </line>
            <line>
              <![CDATA[enter email and password]]>
            </line>
          </reporter-output>
        </test-method> <!-- configBM -->
        <test-method status="PASS" signature="shoppingcartTest()[pri:0, instance:com.oneDayCart.testScript.ShoppingCartTest@2d6eabae]" name="shoppingcartTest" duration-ms="8289" started-at="2020-06-22T21:35:05 IST" finished-at="2020-06-22T21:35:13 IST">
          <reporter-output>
          </reporter-output>
        </test-method> <!-- shoppingcartTest -->
        <test-method status="PASS" signature="configAM()[pri:0, instance:com.oneDayCart.testScript.ShoppingCartTest@2d6eabae]" name="configAM" is-config="true" duration-ms="4065" started-at="2020-06-22T21:35:13 IST" finished-at="2020-06-22T21:35:17 IST">
          <reporter-output>
            <line>
              <![CDATA[click on logOut Link]]>
            </line>
          </reporter-output>
        </test-method> <!-- configAM -->
        <test-method status="PASS" signature="configAC()[pri:0, instance:com.oneDayCart.testScript.ShoppingCartTest@2d6eabae]" name="configAC" is-config="true" duration-ms="2714" started-at="2020-06-22T21:35:17 IST" finished-at="2020-06-22T21:35:20 IST">
          <reporter-output>
            <line>
              <![CDATA[browser closed]]>
            </line>
          </reporter-output>
        </test-method> <!-- configAC -->
      </class> <!-- com.oneDayCart.testScript.ShoppingCartTest -->
    </test> <!-- Default test -->
  </suite> <!-- Default suite -->
</testng-results>
